[debug] [2019-08-24T22:05:24.987Z] ----------------------------------------------------------------------
[debug] [2019-08-24T22:05:24.989Z] Command:       /usr/local/bin/node /usr/local/bin/firebase deploy
[debug] [2019-08-24T22:05:24.990Z] CLI Version:   7.2.4
[debug] [2019-08-24T22:05:24.990Z] Platform:      darwin
[debug] [2019-08-24T22:05:24.990Z] Node Version:  v10.16.1
[debug] [2019-08-24T22:05:24.995Z] Time:          Sat Aug 24 2019 16:05:24 GMT-0600 (Mountain Daylight Time)
[debug] [2019-08-24T22:05:24.995Z] ----------------------------------------------------------------------
[debug] 
[debug] [2019-08-24T22:05:25.006Z] > command requires scopes: ["email","openid","https://www.googleapis.com/auth/cloudplatformprojects.readonly","https://www.googleapis.com/auth/firebase","https://www.googleapis.com/auth/cloud-platform"]
[debug] [2019-08-24T22:05:25.006Z] > authorizing via signed-in user
[debug] [2019-08-24T22:05:25.006Z] [iam] checking project stratifylabsblog for permissions ["firebase.projects.get","firebasehosting.sites.update","firebaserules.releases.create","firebaserules.releases.update","firebaserules.rulesets.create"]
[debug] [2019-08-24T22:05:25.008Z] >>> HTTP REQUEST POST https://cloudresourcemanager.googleapis.com/v1/projects/stratifylabsblog:testIamPermissions  

[debug] [2019-08-24T22:05:26.022Z] <<< HTTP RESPONSE 200
[debug] [2019-08-24T22:05:26.024Z] >>> HTTP REQUEST GET https://firebase.googleapis.com/v1beta1/projects/stratifylabsblog  
 
[debug] [2019-08-24T22:05:26.335Z] <<< HTTP RESPONSE 200
[info] 
[info] === Deploying to 'stratifylabsblog'...
[info] 
[info] i  deploying storage, hosting
[debug] [2019-08-24T22:05:26.339Z] >>> HTTP REQUEST GET https://appengine.googleapis.com/v1/apps/stratifylabsblog  
 
[debug] [2019-08-24T22:05:27.269Z] <<< HTTP RESPONSE 200
[info] i  storage: checking storage.rules for compilation errors...
[debug] [2019-08-24T22:05:27.272Z] >>> HTTP REQUEST POST https://firebaserules.googleapis.com/v1/projects/stratifylabsblog:test  

[debug] [2019-08-24T22:05:27.639Z] <<< HTTP RESPONSE 200
[info] ✔  storage: rules file storage.rules compiled successfully
[debug] [2019-08-24T22:05:27.642Z] >>> HTTP REQUEST POST https://firebasehosting.googleapis.com/v1beta1/sites/stratifylabsblog/versions  

[debug] [2019-08-24T22:05:29.172Z] <<< HTTP RESPONSE 200
[info] i  storage: uploading rules storage.rules...
[debug] [2019-08-24T22:05:29.173Z] >>> HTTP REQUEST POST https://firebaserules.googleapis.com/v1/projects/stratifylabsblog/rulesets  

[debug] [2019-08-24T22:05:29.418Z] <<< HTTP RESPONSE 200
[debug] [2019-08-24T22:05:29.418Z] [rules] created ruleset projects/stratifylabsblog/rulesets/278a41bb-47c0-495f-86c0-3d06ab7fa415
[info] i  hosting[stratifylabsblog]: beginning deploy...
[info] i  hosting[stratifylabsblog]: found 489 files in public
[debug] [2019-08-24T22:05:29.494Z] [hosting] hash cache [cHVibGlj] load error: lines is not defined
[debug] [2019-08-24T22:05:30.691Z] [hosting] hash cache [cHVibGlj] stored for 489 files
[debug] [2019-08-24T22:05:30.691Z] [hosting][hash queue][FINAL]
[debug] [2019-08-24T22:05:30.691Z] >>> HTTP REQUEST POST https://firebasehosting.googleapis.com/v1beta1/sites/stratifylabsblog/versions/4181d6eadfd27a67:populateFiles  
 <request body omitted>
